<?xml version="1.0" encoding="UTF-8"?>
<testng-results ignored="0" total="1" passed="1" failed="0" skipped="0">
  <reporter-output>
  </reporter-output>
  <suite started-at="2024-11-22T12:04:49 IST" name="Default suite" finished-at="2024-11-22T12:04:58 IST" duration-ms="9828">
    <groups>
    </groups>
    <test started-at="2024-11-22T12:04:49 IST" name="Default test" finished-at="2024-11-22T12:04:58 IST" duration-ms="9828">
      <class name="com.runner.Openmrs_Runner">
        <test-method is-config="true" signature="extendStartUp()[pri:0, instance:com.runner.Openmrs_Runner@75d3a5e0]" started-at="2024-11-22T12:04:48 IST" name="extendStartUp" finished-at="2024-11-22T12:04:49 IST" duration-ms="338" status="PASS">
          <reporter-output>
          </reporter-output>
        </test-method> <!-- extendStartUp -->
        <test-method is-config="true" signature="setUp()[pri:0, instance:com.runner.Openmrs_Runner@75d3a5e0]" started-at="2024-11-22T12:04:49 IST" name="setUp" finished-at="2024-11-22T12:04:52 IST" duration-ms="3451" status="PASS">
          <reporter-output>
          </reporter-output>
        </test-method> <!-- setUp -->
        <test-method signature="validLoginTest()[pri:0, instance:com.runner.Openmrs_Runner@75d3a5e0]" started-at="2024-11-22T12:04:52 IST" name="validLoginTest" finished-at="2024-11-22T12:04:58 IST" duration-ms="5396" status="PASS">
          <reporter-output>
          </reporter-output>
        </test-method> <!-- validLoginTest -->
        <test-method is-config="true" signature="terminate()[pri:0, instance:com.runner.Openmrs_Runner@75d3a5e0]" started-at="2024-11-22T12:04:58 IST" name="terminate" finished-at="2024-11-22T12:04:58 IST" duration-ms="443" status="PASS">
          <reporter-output>
          </reporter-output>
        </test-method> <!-- terminate -->
        <test-method is-config="true" signature="extendReportEnd()[pri:0, instance:com.runner.Openmrs_Runner@75d3a5e0]" started-at="2024-11-22T12:04:59 IST" name="extendReportEnd" finished-at="2024-11-22T12:05:00 IST" duration-ms="1123" status="PASS">
          <reporter-output>
          </reporter-output>
        </test-method> <!-- extendReportEnd -->
      </class> <!-- com.runner.Openmrs_Runner -->
    </test> <!-- Default test -->
  </suite> <!-- Default suite -->
</testng-results>
